# JRE version: Java(TM) SE Runtime Environment (8.0_191-b12) (build 1.8.0_191-b12)
# Java VM: Java HotSpot(TM) Client VM (25.191-b12 mixed mode windows-x86 )
Heap:
 def new generation   total 157248K, used 157247K [0x10200000, 0x1aca0000, 0x1aca0000)
  eden space 139776K, 100% used [0x10200000, 0x18a80000, 0x18a80000)
  from space 17472K,  99% used [0x19b90000, 0x1ac9fff8, 0x1aca0000)
  to   space 17472K,   0% used [0x18a80000, 0x18a80000, 0x19b90000)
 tenured generation   total 349568K, used 349567K [0x1aca0000, 0x30200000, 0x30200000)
   the space 349568K,  99% used [0x1aca0000, 0x301fffc8, 0x30200000, 0x30200000)
 Metaspace       used 21915K, capacity 22457K, committed 22528K, reserved 22912K
GC Heap History (10 events):
Event: 186504.150 GC heap before
{Heap before GC invocations=1195 (full 1053):
 def new generation   total 157248K, used 157248K [0x10200000, 0x1aca0000, 0x1aca0000)
  eden space 139776K, 100% used [0x10200000, 0x18a80000, 0x18a80000)
  from space 17472K, 100% used [0x19b90000, 0x1aca0000, 0x1aca0000)
  to   space 17472K,   0% used [0x18a80000, 0x18a80000, 0x19b90000)
 tenured generation   total 349568K, used 349567K [0x1aca0000, 0x30200000, 0x30200000)
   the space 349568K,  99% used [0x1aca0000, 0x301fff68, 0x30200000, 0x30200000)
 Metaspace       used 21915K, capacity 22457K, committed 22528K, reserved 22912K
Event: 186504.803 GC heap after
Heap after GC invocations=1196 (full 1054):
 def new generation   total 157248K, used 157248K [0x10200000, 0x1aca0000, 0x1aca0000)
  eden space 139776K, 100% used [0x10200000, 0x18a80000, 0x18a80000)
  from space 17472K, 100% used [0x19b90000, 0x1aca0000, 0x1aca0000)
  to   space 17472K,   0% used [0x18a80000, 0x18a80000, 0x19b90000)
 tenured generation   total 349568K, used 349566K [0x1aca0000, 0x30200000, 0x30200000)
   the space 349568K,  99% used [0x1aca0000, 0x301ffb28, 0x301ffc00, 0x30200000)
 Metaspace       used 21915K, capacity 22457K, committed 22528K, reserved 22912K
}
Event: 186504.804 GC heap before
{Heap before GC invocations=1196 (full 1054):
 def new generation   total 157248K, used 157248K [0x10200000, 0x1aca0000, 0x1aca0000)
  eden space 139776K, 100% used [0x10200000, 0x18a80000, 0x18a80000)
  from space 17472K, 100% used [0x19b90000, 0x1aca0000, 0x1aca0000)
  to   space 17472K,   0% used [0x18a80000, 0x18a80000, 0x19b90000)
 tenured generation   total 349568K, used 349567K [0x1aca0000, 0x30200000, 0x30200000)
   the space 349568K,  99% used [0x1aca0000, 0x301ffff0, 0x30200000, 0x30200000)
 Metaspace       used 21915K, capacity 22457K, committed 22528K, reserved 22912K
Event: 186505.465 GC heap after
Heap after GC invocations=1197 (full 1055):
 def new generation   total 157248K, used 157247K [0x10200000, 0x1aca0000, 0x1aca0000)
  eden space 139776K, 100% used [0x10200000, 0x18a80000, 0x18a80000)
  from space 17472K,  99% used [0x19b90000, 0x1ac9ffd8, 0x1aca0000)
  to   space 17472K,   0% used [0x18a80000, 0x18a80000, 0x19b90000)
 tenured generation   total 349568K, used 349567K [0x1aca0000, 0x30200000, 0x30200000)
   the space 349568K,  99% used [0x1aca0000, 0x301ffff0, 0x30200000, 0x30200000)
 Metaspace       used 21915K, capacity 22457K, committed 22528K, reserved 22912K
}
Event: 186505.465 GC heap before
{Heap before GC invocations=1197 (full 1055):
 def new generation   total 157248K, used 157247K [0x10200000, 0x1aca0000, 0x1aca0000)
  eden space 139776K, 100% used [0x10200000, 0x18a80000, 0x18a80000)
  from space 17472K,  99% used [0x19b90000, 0x1ac9fff8, 0x1aca0000)
  to   space 17472K,   0% used [0x18a80000, 0x18a80000, 0x19b90000)
 tenured generation   total 349568K, used 349568K [0x1aca0000, 0x30200000, 0x30200000)
   the space 349568K, 100% used [0x1aca0000, 0x30200000, 0x30200000, 0x30200000)
 Metaspace       used 21915K, capacity 22457K, committed 22528K, reserved 22912K
Event: 186506.117 GC heap after
Heap after GC invocations=1198 (full 1056):
 def new generation   total 157248K, used 157247K [0x10200000, 0x1aca0000, 0x1aca0000)
  eden space 139776K, 100% used [0x10200000, 0x18a80000, 0x18a80000)
  from space 17472K,  99% used [0x19b90000, 0x1ac9fff8, 0x1aca0000)
  to   space 17472K,   0% used [0x18a80000, 0x18a80000, 0x19b90000)
 tenured generation   total 349568K, used 349565K [0x1aca0000, 0x30200000, 0x30200000)
   the space 349568K,  99% used [0x1aca0000, 0x301ff710, 0x301ff800, 0x30200000)
 Metaspace       used 21915K, capacity 22457K, committed 22528K, reserved 22912K
}
Event: 186506.117 GC heap before
{Heap before GC invocations=1198 (full 1056):
 def new generation   total 157248K, used 157247K [0x10200000, 0x1aca0000, 0x1aca0000)
  eden space 139776K, 100% used [0x10200000, 0x18a80000, 0x18a80000)
  from space 17472K,  99% used [0x19b90000, 0x1ac9fff8, 0x1aca0000)
  to   space 17472K,   0% used [0x18a80000, 0x18a80000, 0x19b90000)
 tenured generation   total 349568K, used 349565K [0x1aca0000, 0x30200000, 0x30200000)
   the space 349568K,  99% used [0x1aca0000, 0x301ff778, 0x301ff800, 0x30200000)
 Metaspace       used 21915K, capacity 22457K, committed 22528K, reserved 22912K
Event: 186506.783 GC heap after
Heap after GC invocations=1199 (full 1057):
 def new generation   total 157248K, used 157247K [0x10200000, 0x1aca0000, 0x1aca0000)
  eden space 139776K, 100% used [0x10200000, 0x18a80000, 0x18a80000)
  from space 17472K,  99% used [0x19b90000, 0x1ac9ffe8, 0x1aca0000)
  to   space 17472K,   0% used [0x18a80000, 0x18a80000, 0x19b90000)
 tenured generation   total 349568K, used 349565K [0x1aca0000, 0x30200000, 0x30200000)
   the space 349568K,  99% used [0x1aca0000, 0x301ff778, 0x301ff800, 0x30200000)
 Metaspace       used 21915K, capacity 22457K, committed 22528K, reserved 22912K
}
Event: 186506.783 GC heap before
{Heap before GC invocations=1199 (full 1057):
 def new generation   total 157248K, used 157247K [0x10200000, 0x1aca0000, 0x1aca0000)
  eden space 139776K, 100% used [0x10200000, 0x18a80000, 0x18a80000)
  from space 17472K,  99% used [0x19b90000, 0x1ac9ffe8, 0x1aca0000)
  to   space 17472K,   0% used [0x18a80000, 0x18a80000, 0x19b90000)
 tenured generation   total 349568K, used 349565K [0x1aca0000, 0x30200000, 0x30200000)
   the space 349568K,  99% used [0x1aca0000, 0x301ff778, 0x301ff800, 0x30200000)
 Metaspace       used 21915K, capacity 22457K, committed 22528K, reserved 22912K
Event: 186507.442 GC heap after
Heap after GC invocations=1200 (full 1058):
 def new generation   total 157248K, used 157247K [0x10200000, 0x1aca0000, 0x1aca0000)
  eden space 139776K, 100% used [0x10200000, 0x18a80000, 0x18a80000)
  from space 17472K,  99% used [0x19b90000, 0x1ac9ffe8, 0x1aca0000)
  to   space 17472K,   0% used [0x18a80000, 0x18a80000, 0x19b90000)
 tenured generation   total 349568K, used 349565K [0x1aca0000, 0x30200000, 0x30200000)
   the space 349568K,  99% used [0x1aca0000, 0x301ff760, 0x301ff800, 0x30200000)
 Metaspace       used 21915K, capacity 22457K, committed 22528K, reserved 22912K
}

